# JRE version: OpenJDK Runtime Environment Temurin-17.0.9+9 (17.0.9+9) (build 17.0.9+9)
# Java VM: OpenJDK 64-Bit Server VM Temurin-17.0.9+9 (17.0.9+9, mixed mode, tiered, compressed oops, compressed class ptrs, g1 gc, windows-amd64)
GC Precious Log:
 CPUs: 4 total, 4 available
 Memory: 3948M
 Large Page Support: Disabled
 NUMA Support: Disabled
 Compressed Oops: Enabled (32-bit)
 Heap Region Size: 1M
 Heap Min Capacity: 8M
 Heap Initial Capacity: 62M
 Heap Max Capacity: 988M
 Pre-touch: Disabled
 Parallel Workers: 4
 Concurrent Workers: 1
 Concurrent Refinement Workers: 4
 Periodic GC: Disabled
Heap:
 garbage-first heap   total 126976K, used 29492K [0x00000000c2400000, 0x0000000100000000)
  region size 1024K, 1 young (1024K), 1 survivors (1024K)
 Metaspace       used 17698K, committed 17920K, reserved 1114112K
  class space    used 1831K, committed 1920K, reserved 1048576K
GC Heap History (20 events):
Event: 5.949 GC heap after
{Heap after GC invocations=8 (full 0):
 garbage-first heap   total 126976K, used 20879K [0x00000000c2400000, 0x0000000100000000)
  region size 1024K, 1 young (1024K), 1 survivors (1024K)
 Metaspace       used 17402K, committed 17664K, reserved 1114112K
  class space    used 1795K, committed 1920K, reserved 1048576K
}
Event: 5.995 GC heap before
{Heap before GC invocations=8 (full 0):
 garbage-first heap   total 126976K, used 54671K [0x00000000c2400000, 0x0000000100000000)
  region size 1024K, 2 young (2048K), 1 survivors (1024K)
 Metaspace       used 17444K, committed 17664K, reserved 1114112K
  class space    used 1803K, committed 1920K, reserved 1048576K
}
Event: 5.997 GC heap after
{Heap after GC invocations=9 (full 0):
 garbage-first heap   total 126976K, used 27047K [0x00000000c2400000, 0x0000000100000000)
  region size 1024K, 1 young (1024K), 1 survivors (1024K)
 Metaspace       used 17444K, committed 17664K, reserved 1114112K
  class space    used 1803K, committed 1920K, reserved 1048576K
}
Event: 6.122 GC heap before
{Heap before GC invocations=9 (full 0):
 garbage-first heap   total 126976K, used 57767K [0x00000000c2400000, 0x0000000100000000)
  region size 1024K, 3 young (3072K), 1 survivors (1024K)
 Metaspace       used 17578K, committed 17792K, reserved 1114112K
  class space    used 1811K, committed 1920K, reserved 1048576K
}
Event: 6.123 GC heap after
{Heap after GC invocations=10 (full 0):
 garbage-first heap   total 126976K, used 33235K [0x00000000c2400000, 0x0000000100000000)
  region size 1024K, 1 young (1024K), 1 survivors (1024K)
 Metaspace       used 17578K, committed 17792K, reserved 1114112K
  class space    used 1811K, committed 1920K, reserved 1048576K
}
Event: 6.214 GC heap before
{Heap before GC invocations=10 (full 0):
 garbage-first heap   total 126976K, used 51667K [0x00000000c2400000, 0x0000000100000000)
  region size 1024K, 2 young (2048K), 1 survivors (1024K)
 Metaspace       used 17583K, committed 17792K, reserved 1114112K
  class space    used 1811K, committed 1920K, reserved 1048576K
}
Event: 6.215 GC heap after
{Heap after GC invocations=11 (full 0):
 garbage-first heap   total 126976K, used 41415K [0x00000000c2400000, 0x0000000100000000)
  region size 1024K, 1 young (1024K), 1 survivors (1024K)
 Metaspace       used 17583K, committed 17792K, reserved 1114112K
  class space    used 1811K, committed 1920K, reserved 1048576K
}
Event: 6.358 GC heap before
{Heap before GC invocations=11 (full 0):
 garbage-first heap   total 126976K, used 52679K [0x00000000c2400000, 0x0000000100000000)
  region size 1024K, 2 young (2048K), 1 survivors (1024K)
 Metaspace       used 17595K, committed 17856K, reserved 1114112K
  class space    used 1813K, committed 1920K, reserved 1048576K
}
Event: 6.361 GC heap after
{Heap after GC invocations=12 (full 0):
 garbage-first heap   total 126976K, used 34293K [0x00000000c2400000, 0x0000000100000000)
  region size 1024K, 1 young (1024K), 1 survivors (1024K)
 Metaspace       used 17595K, committed 17856K, reserved 1114112K
  class space    used 1813K, committed 1920K, reserved 1048576K
}
Event: 6.672 GC heap before
{Heap before GC invocations=12 (full 0):
 garbage-first heap   total 126976K, used 55797K [0x00000000c2400000, 0x0000000100000000)
  region size 1024K, 3 young (3072K), 1 survivors (1024K)
 Metaspace       used 17668K, committed 17920K, reserved 1114112K
  class space    used 1827K, committed 1920K, reserved 1048576K
}
Event: 6.674 GC heap after
{Heap after GC invocations=13 (full 0):
 garbage-first heap   total 126976K, used 20978K [0x00000000c2400000, 0x0000000100000000)
  region size 1024K, 1 young (1024K), 1 survivors (1024K)
 Metaspace       used 17668K, committed 17920K, reserved 1114112K
  class space    used 1827K, committed 1920K, reserved 1048576K
}
Event: 6.854 GC heap before
{Heap before GC invocations=13 (full 0):
 garbage-first heap   total 126976K, used 52722K [0x00000000c2400000, 0x0000000100000000)
  region size 1024K, 2 young (2048K), 1 survivors (1024K)
 Metaspace       used 17674K, committed 17920K, reserved 1114112K
  class space    used 1828K, committed 1920K, reserved 1048576K
}
Event: 6.855 GC heap after
{Heap after GC invocations=14 (full 0):
 garbage-first heap   total 126976K, used 23037K [0x00000000c2400000, 0x0000000100000000)
  region size 1024K, 1 young (1024K), 1 survivors (1024K)
 Metaspace       used 17674K, committed 17920K, reserved 1114112K
  class space    used 1828K, committed 1920K, reserved 1048576K
}
Event: 7.055 GC heap before
{Heap before GC invocations=14 (full 0):
 garbage-first heap   total 126976K, used 54781K [0x00000000c2400000, 0x0000000100000000)
  region size 1024K, 3 young (3072K), 1 survivors (1024K)
 Metaspace       used 17697K, committed 17920K, reserved 1114112K
  class space    used 1831K, committed 1920K, reserved 1048576K
}
Event: 7.056 GC heap after
{Heap after GC invocations=15 (full 0):
 garbage-first heap   total 126976K, used 30190K [0x00000000c2400000, 0x0000000100000000)
  region size 1024K, 1 young (1024K), 1 survivors (1024K)
 Metaspace       used 17697K, committed 17920K, reserved 1114112K
  class space    used 1831K, committed 1920K, reserved 1048576K
}
Event: 7.071 GC heap before
{Heap before GC invocations=15 (full 0):
 garbage-first heap   total 126976K, used 46574K [0x00000000c2400000, 0x0000000100000000)
  region size 1024K, 2 young (2048K), 1 survivors (1024K)
 Metaspace       used 17697K, committed 17920K, reserved 1114112K
  class space    used 1831K, committed 1920K, reserved 1048576K
}
Event: 7.074 GC heap after
{Heap after GC invocations=16 (full 0):
 garbage-first heap   total 126976K, used 31239K [0x00000000c2400000, 0x0000000100000000)
  region size 1024K, 1 young (1024K), 1 survivors (1024K)
 Metaspace       used 17697K, committed 17920K, reserved 1114112K
  class space    used 1831K, committed 1920K, reserved 1048576K
}
Event: 7.096 GC heap before
{Heap before GC invocations=16 (full 0):
 garbage-first heap   total 126976K, used 53767K [0x00000000c2400000, 0x0000000100000000)
  region size 1024K, 2 young (2048K), 1 survivors (1024K)
 Metaspace       used 17698K, committed 17920K, reserved 1114112K
  class space    used 1831K, committed 1920K, reserved 1048576K
}
Event: 7.098 GC heap after
{Heap after GC invocations=17 (full 0):
 garbage-first heap   total 126976K, used 47624K [0x00000000c2400000, 0x0000000100000000)
  region size 1024K, 1 young (1024K), 1 survivors (1024K)
 Metaspace       used 17698K, committed 17920K, reserved 1114112K
  class space    used 1831K, committed 1920K, reserved 1048576K
}
Event: 7.111 GC heap before
{Heap before GC invocations=17 (full 0):
 garbage-first heap   total 126976K, used 56840K [0x00000000c2400000, 0x0000000100000000)
  region size 1024K, 2 young (2048K), 1 survivors (1024K)
 Metaspace       used 17698K, committed 17920K, reserved 1114112K
  class space    used 1831K, committed 1920K, reserved 1048576K
}

