<?xml version="1.0" encoding="UTF-8"?>
<!-- Generated by org.testng.reporters.JUnitXMLReporter -->
<testsuite ignored="0" hostname="LAPTOP-SF4Q7UTJ" failures="0" tests="3" name="Default test" time="77.4" errors="0" timestamp="2024-04-14T17:55:12 IST">
  <testcase classname="sample.TestScenarios" name="dragAndDropImages" time="17.924"/>
  <testcase classname="sample.TestScenarios" name="chooseCountryFromDropdown" time="23.742"/>
  <testcase classname="sample.TestScenarios" name="fillSamplePageForm" time="35.652"/>
</testsuite> <!-- Default test -->
