<?xml version="1.0" encoding="UTF-8"?>
<testng-results ignored="0" total="3" passed="3" failed="0" skipped="0">
  <reporter-output>
  </reporter-output>
  <suite started-at="2024-04-14T17:53:55 IST" name="Default suite" finished-at="2024-04-14T17:55:12 IST" duration-ms="77400">
    <groups>
    </groups>
    <test started-at="2024-04-14T17:53:55 IST" name="Default test" finished-at="2024-04-14T17:55:12 IST" duration-ms="77400">
      <class name="sample.TestScenarios">
        <test-method signature="dragAndDropImages()[pri:1, instance:sample.TestScenarios@76b1e9b8]" started-at="2024-04-14T17:53:55 IST" name="dragAndDropImages" finished-at="2024-04-14T17:54:13 IST" duration-ms="17924" status="PASS">
          <reporter-output>
          </reporter-output>
        </test-method> <!-- dragAndDropImages -->
        <test-method signature="chooseCountryFromDropdown()[pri:2, instance:sample.TestScenarios@76b1e9b8]" started-at="2024-04-14T17:54:13 IST" name="chooseCountryFromDropdown" finished-at="2024-04-14T17:54:37 IST" duration-ms="23742" status="PASS">
          <reporter-output>
          </reporter-output>
        </test-method> <!-- chooseCountryFromDropdown -->
        <test-method signature="fillSamplePageForm()[pri:3, instance:sample.TestScenarios@76b1e9b8]" started-at="2024-04-14T17:54:37 IST" name="fillSamplePageForm" finished-at="2024-04-14T17:55:12 IST" duration-ms="35652" status="PASS">
          <reporter-output>
          </reporter-output>
        </test-method> <!-- fillSamplePageForm -->
      </class> <!-- sample.TestScenarios -->
    </test> <!-- Default test -->
  </suite> <!-- Default suite -->
</testng-results>
